<?xml version="1.0" encoding="UTF-8"?>
<!-- Generated by org.testng.reporters.JUnitReportReporter -->
<testsuite skipped="0" hostname="Olya-PC" name="com.telesens.automationpractice.AuthTests" tests="1" failures="0" timestamp="2019-09-01T21:25:30 EEST" time="14.680" errors="0">
  <testcase name="testAuthSuccess" time="14.680" classname="com.telesens.automationpractice.AuthTests"/>
</testsuite> <!-- com.telesens.automationpractice.AuthTests -->
