<?xml version="1.0" encoding="UTF-8"?>
<!-- Generated by org.testng.reporters.JUnitReportReporter -->
<testsuite skipped="0" hostname="Olya-PC" name="com.example.tests.Test1" tests="1" failures="0" timestamp="2019-08-30T20:03:48 EEST" time="8.147" errors="0">
  <testcase name="test1" time="8.147" classname="com.example.tests.Test1"/>
</testsuite> <!-- com.example.tests.Test1 -->
