<?xml version="1.0" encoding="UTF-8"?>
<!-- Generated by org.testng.reporters.JUnitReportReporter -->
<testsuite skipped="0" hostname="Olya-PC" name="com.telesens.automationpractice.Test1" tests="1" failures="0" timestamp="2019-08-30T20:23:34 EEST" time="10.266" errors="0">
  <testcase name="test1" time="10.266" classname="com.telesens.automationpractice.Test1"/>
</testsuite> <!-- com.telesens.automationpractice.Test1 -->
